/*C2*/SET SCHEMA PUBLIC
create table HILOSEQUENCES (SEQUENCENAME varchar(50) not null, HIGHVALUES integer not null, constraint hilo_pk primary key (SEQUENCENAME))
INSERT INTO HILOSEQUENCES VALUES('general',0)
COMMIT
CREATE CACHED TABLE JMS_MESSAGES ( MESSAGEID INTEGER NOT NULL, DESTINATION VARCHAR(255) NOT NULL, TXID INTEGER, TXOP CHAR(1), MESSAGEBLOB OBJECT, PRIMARY KEY (MESSAGEID, DESTINATION) )
CREATE INDEX JMS_MESSAGES_TXOP_TXID ON JMS_MESSAGES (TXOP, TXID)
CREATE INDEX JMS_MESSAGES_DESTINATION ON JMS_MESSAGES (DESTINATION)
CREATE CACHED TABLE JMS_TRANSACTIONS ( TXID INTEGER, PRIMARY KEY (TXID) )
CREATE TABLE JMS_USERS (USERID VARCHAR(32) NOT NULL, PASSWD VARCHAR(32) NOT NULL, CLIENTID VARCHAR(128) NULL, PRIMARY KEY(USERID))
CREATE TABLE JMS_ROLES (ROLEID VARCHAR(32) NOT NULL, USERID VARCHAR(32) NOT NULL, PRIMARY KEY(USERID, ROLEID))
CREATE TABLE JMS_SUBSCRIPTIONS (CLIENTID VARCHAR(128) NOT NULL, SUBNAME VARCHAR(128) NOT NULL, TOPIC VARCHAR(255) NOT NULL, SELECTOR VARCHAR(255) NULL, PRIMARY KEY(CLIENTID, SUBNAME))
INSERT INTO JMS_ROLES VALUES('controller','LOSListenerBean')
INSERT INTO JMS_USERS VALUES('LOSListenerBean','lino_lib',NULL)
COMMIT
/*C3*/SET SCHEMA PUBLIC
DISCONNECT
/*C2*/DISCONNECT
/*C4*/SET SCHEMA PUBLIC
DISCONNECT
/*C5*/SET SCHEMA PUBLIC
DISCONNECT
/*C6*/SET SCHEMA PUBLIC
DISCONNECT
/*C7*/SET SCHEMA PUBLIC
create table TIMERS ( TIMERID varchar(80) not null, TARGETID varchar(250) not null, INITIALDATE TIMESTAMP not null, TIMERINTERVAL BIGINT, INSTANCEPK VARBINARY(1024), INFO VARBINARY(1024), CONSTRAINT TIMERS_PK PRIMARY KEY (TIMERID, TARGETID) )
/*C11*/SET SCHEMA PUBLIC
ALTER SEQUENCE PUBLIC.SEQENTITIES RESTART WITH 2
DISCONNECT
/*C10*/SET SCHEMA PUBLIC
DISCONNECT
/*C7*/DISCONNECT
/*C9*/SET SCHEMA PUBLIC
DISCONNECT
/*C8*/SET SCHEMA PUBLIC
DISCONNECT
